<?xml version="1.0" encoding="UTF-8"?>
<testExecutions version="1">
  <file path="C:\Users\Luis.Gutierrez\Desktop\CursosDev\Node\NodeJS_Group09\test\integration\user.route.spec.ts">
    <testCase name="user route list users without token" duration="103"/>
    <testCase name="user route list users with token valid" duration="43"/>
    <testCase name="user route list users with token invalid" duration="12"/>
  </file>
</testExecutions>